0 info it worked if it ends with ok
1 verbose cli [ '/Users/northfoxz/.nvm/versions/node/v5.1.0/bin/node',
1 verbose cli   '/Users/northfoxz/.nvm/versions/node/v5.1.0/bin/npm',
1 verbose cli   'publish' ]
2 info using npm@3.3.12
3 info using node@v5.1.0
4 verbose publish [ '.' ]
5 silly cache add args [ '.', null ]
6 verbose cache add spec .
7 silly cache add parsed spec Result {
7 silly cache add   raw: '.',
7 silly cache add   scope: null,
7 silly cache add   name: null,
7 silly cache add   rawSpec: '.',
7 silly cache add   spec: '/Users/northfoxz/Documents/TIL/reactnative/whatsthis/node_modules/react-native-camera-android',
7 silly cache add   type: 'directory' }
8 verbose addLocalDirectory /Users/northfoxz/.npm/react-native-camera-android/1.0.2/package.tgz not in flight; packing
9 info lifecycle react-native-camera-android@1.0.2~prepublish: react-native-camera-android@1.0.2
10 silly lifecycle react-native-camera-android@1.0.2~prepublish: no script for prepublish, continuing
11 verbose tar pack [ '/Users/northfoxz/.npm/react-native-camera-android/1.0.2/package.tgz',
11 verbose tar pack   '/Users/northfoxz/Documents/TIL/reactnative/whatsthis/node_modules/react-native-camera-android' ]
12 verbose tarball /Users/northfoxz/.npm/react-native-camera-android/1.0.2/package.tgz
13 verbose folder /Users/northfoxz/Documents/TIL/reactnative/whatsthis/node_modules/react-native-camera-android
14 verbose addLocalTarball adding from inside cache /Users/northfoxz/.npm/react-native-camera-android/1.0.2/package.tgz
15 silly cache afterAdd react-native-camera-android@1.0.2
16 verbose afterAdd /Users/northfoxz/.npm/react-native-camera-android/1.0.2/package/package.json not in flight; writing
17 verbose afterAdd /Users/northfoxz/.npm/react-native-camera-android/1.0.2/package/package.json written
18 silly publish { name: 'react-native-camera-android',
18 silly publish   version: '1.0.2',
18 silly publish   description: 'React native camera view for android',
18 silly publish   main: 'index.android.js',
18 silly publish   scripts: { test: 'echo "Error: no test specified" && exit 1' },
18 silly publish   repository:
18 silly publish    { type: 'git',
18 silly publish      url: 'git+https://github.com/NorthFoxz/react-native-camera-android.git' },
18 silly publish   author: { name: 'northfoxz' },
18 silly publish   license: 'MIT',
18 silly publish   bugs: { url: 'https://github.com/NorthFoxz/react-native-camera-android/issues' },
18 silly publish   homepage: 'https://github.com/NorthFoxz/react-native-camera-android#readme',
18 silly publish   readme: '# react-native-camera-android\nReact native camera view\n\n###A react native camera component inspired by\n#####https://github.com/lwansbrough/react-native-camera\n#####https://github.com/ideacreation/react-native-barcodescanner\n\n![](http://i.imgur.com/xQBGMIs.jpg)\n\n![](http://i.imgur.com/TwhSRg6.jpg)\n\n### Installation\n\n```bash\nnpm i --save react-native-camera-android\n```\n\n### Add it to your android project\n\n* In `android/setting.gradle`\n\n```gradle\n...\ninclude \':ReactNativeCameraAndroid\', \':app\'\nproject(\':ReactNativeCameraAndroid\').projectDir = new File(rootProject.projectDir, \'../node_modules/react-native-camera-android/android\')\n```\n\n* register module (in MainActivity.java)\n\n```java\nimport com.ReactCamera.RNCameraViewPackage;  // <--- import\n\npublic class MainActivity extends Activity implements DefaultHardwareBackBtnHandler {\n  ......\n\n  @Override\n  protected void onCreate(Bundle savedInstanceState) {\n    super.onCreate(savedInstanceState);\n    mReactRootView = new ReactRootView(this);\n\n    mReactInstanceManager = ReactInstanceManager.builder()\n      .setApplication(getApplication())\n      .setBundleAssetName("index.android.bundle")\n      .setJSMainModuleName("index.android")\n      .addPackage(new MainReactPackage())\n\n      .addPackage(new RNCameraViewPackage())              // <------ add here\n      \n      .setUseDeveloperSupport(BuildConfig.DEBUG)\n      .setInitialLifecycleState(LifecycleState.RESUMED)\n      .build();\n\n    mReactRootView.startReactApplication(mReactInstanceManager, "ExampleRN", null);\n\n    setContentView(mReactRootView);\n  }\n\n  ......\n\n}\n```\n\n## Usage\n\nAll you need is to `require` the `react-native-camera-android` module and then use the\n`<Camera/>` tag.\n\n## Actions\n\n#### `takePicture`\n\n1. First add refs tag to your camera: `<Camera ref="cam" />`\n2. Then call the function `this.refs.cam.takePicture()` anywhere you like.\n\n\n\n## Properties\n\n#### `onPictureTaken`\n\nAfter the picture is taken, the `<Camera />` component will return an event to `onPictureTaken`, which contains following data payloads.\n\n`onPictureTaken = function(event) {} `\n\n1. `type`: `success` or `error`\n2. `message`: the result of the callback\n\n#### `onBarCodeRead`\n\nWill call the specified method when a barcode is detected in the camera\'s view.\nEvent contains `data` (barcode value) and `type` (barcode type).\nThe following barcode types can be recognised:\n\n```java\nBarcodeFormat.UPC_A\nBarcodeFormat.UPC_E\nBarcodeFormat.EAN_13\nBarcodeFormat.EAN_8\nBarcodeFormat.RSS_14\nBarcodeFormat.CODE_39\nBarcodeFormat.CODE_93\nBarcodeFormat.CODE_128\nBarcodeFormat.ITF\nBarcodeFormat.CODABAR\nBarcodeFormat.QR_CODE\nBarcodeFormat.DATA_MATRIX\nBarcodeFormat.PDF_417\n```\n\n#### `torchMode`\n\nValues:\n`on`,\n`off` (default)\n\nUse the `torchMode` property to specify the camera torch mode.\n\n#### `cameraType`\n\nValues:\n`back` (default),\n`front`\n\nUse the `cameraType` property to specify the camera to use. If you specify the front camera, but the device has no front camera the back camera is used.\n\n### Viewfinder properties\n\nThe following properties can be used to style the viewfinder:\n\n`viewFinderBackgroundColor`,\n`viewFinderBorderColor`,\n`viewFinderBorderWidth`,\n`viewFinderBorderLength`,\n`viewFinderDrawLaser`,\n`viewFinderLaserColor`\n\nAll color values are strings and must be specified as `#AARRGGBB` (alpha, red, green, blue). `viewFinderBorderWidth` and `viewFinderBorderLength` are numbers, `viewFinderDrawLaser` is either `true` or `false` (default).\n',
18 silly publish   readmeFilename: 'README.md',
18 silly publish   gitHead: '4014ab270a334787e58edfbd4eb381a47847f0f6',
18 silly publish   _id: 'react-native-camera-android@1.0.2',
18 silly publish   _shasum: '8beefbf62c28c846412f3cafd34ff394104b10c0',
18 silly publish   _from: '.' }
19 verbose getPublishConfig undefined
20 silly mapToRegistry name react-native-camera-android
21 silly mapToRegistry using default registry
22 silly mapToRegistry registry https://registry.npmjs.org/
23 silly mapToRegistry uri https://registry.npmjs.org/react-native-camera-android
24 verbose publish registryBase https://registry.npmjs.org/
25 silly publish uploading /Users/northfoxz/.npm/react-native-camera-android/1.0.2/package.tgz
26 verbose request uri https://registry.npmjs.org/react-native-camera-android
27 verbose request sending authorization for write operation
28 info attempt registry request try #1 at 21:32:18
29 verbose request using bearer token for auth
30 verbose request id e5be21fd35c0a8a9
31 http request PUT https://registry.npmjs.org/react-native-camera-android
32 http 403 https://registry.npmjs.org/react-native-camera-android
33 verbose headers { 'content-type': 'application/json',
33 verbose headers   'cache-control': 'max-age=300',
33 verbose headers   'content-length': '95',
33 verbose headers   'accept-ranges': 'bytes',
33 verbose headers   date: 'Mon, 11 Jan 2016 13:32:40 GMT',
33 verbose headers   via: '1.1 varnish',
33 verbose headers   connection: 'keep-alive',
33 verbose headers   'x-served-by': 'cache-hkg6821-HKG',
33 verbose headers   'x-cache': 'MISS',
33 verbose headers   'x-cache-hits': '0',
33 verbose headers   'x-timer': 'S1452519139.200502,VS0,VE21356' }
34 verbose request invalidating /Users/northfoxz/.npm/registry.npmjs.org/react-native-camera-android on PUT
35 error publish Failed PUT 403
36 verbose stack Error: "You cannot publish over the previously published version 1.0.2." : react-native-camera-android
36 verbose stack     at makeError (/Users/northfoxz/.nvm/versions/node/v5.1.0/lib/node_modules/npm/node_modules/npm-registry-client/lib/request.js:264:12)
36 verbose stack     at CachingRegistryClient.<anonymous> (/Users/northfoxz/.nvm/versions/node/v5.1.0/lib/node_modules/npm/node_modules/npm-registry-client/lib/request.js:252:14)
36 verbose stack     at Request._callback (/Users/northfoxz/.nvm/versions/node/v5.1.0/lib/node_modules/npm/node_modules/npm-registry-client/lib/request.js:172:14)
36 verbose stack     at Request.self.callback (/Users/northfoxz/.nvm/versions/node/v5.1.0/lib/node_modules/npm/node_modules/request/request.js:198:22)
36 verbose stack     at emitTwo (events.js:87:13)
36 verbose stack     at Request.emit (events.js:172:7)
36 verbose stack     at Request.<anonymous> (/Users/northfoxz/.nvm/versions/node/v5.1.0/lib/node_modules/npm/node_modules/request/request.js:1082:10)
36 verbose stack     at emitOne (events.js:82:20)
36 verbose stack     at Request.emit (events.js:169:7)
36 verbose stack     at IncomingMessage.<anonymous> (/Users/northfoxz/.nvm/versions/node/v5.1.0/lib/node_modules/npm/node_modules/request/request.js:1009:12)
37 verbose statusCode 403
38 verbose pkgid react-native-camera-android
39 verbose cwd /Users/northfoxz/Documents/TIL/reactnative/whatsthis/node_modules/react-native-camera-android
40 error Darwin 15.0.0
41 error argv "/Users/northfoxz/.nvm/versions/node/v5.1.0/bin/node" "/Users/northfoxz/.nvm/versions/node/v5.1.0/bin/npm" "publish"
42 error node v5.1.0
43 error npm  v3.3.12
44 error code E403
45 error "You cannot publish over the previously published version 1.0.2." : react-native-camera-android
46 error If you need help, you may report this error at:
46 error     <https://github.com/npm/npm/issues>
47 verbose exit [ 1, true ]
